This is pdfTeX, Version 3.14159265-2.6-1.40.19 (MiKTeX 2.9.6800 64-bit) (preloaded format=pdflatex 2018.9.22)  22 OCT 2018 14:21
entering extended mode
**C:/Users/Roxanne/Documents/GitHub/CV/resume.tex
(C:/Users/Roxanne/Documents/GitHub/CV/resume.tex
LaTeX2e <2018-04-01> patch level 5

! LaTeX Error: File `deedy-resume.cls' not found.

Type X to quit or <RETURN> to proceed,
or enter new name. (Default extension: cls)

Enter file name: 
! Emergency stop.
<read *> 
         
l.23 
      
End of file on the terminal!

 
Here is how much of TeX's memory you used:
 13 strings out of 492973
 307 string characters out of 3138154
 56202 words of memory out of 3000000
 3981 multiletter control sequences out of 15000+200000
 3640 words of font info for 14 fonts, out of 3000000 for 9000
 1141 hyphenation exceptions out of 8191
 10i,0n,8p,141b,8s stack positions out of 5000i,500n,10000p,200000b,50000s
!  ==> Fatal error occurred, no output PDF file produced!
